[INFO] Scanning for projects...
[INFO] 
[INFO] ------------------------< com.pharmalabel:api >-------------------------
[INFO] Building api 0.0.1-SNAPSHOT
[INFO]   from pom.xml
[INFO] --------------------------------[ jar ]---------------------------------
[INFO] 
[INFO] --- clean:3.5.0:clean (default-clean) @ api ---
[INFO] Deleting D:\PROJECTS\pharma label designer\backend\target
[INFO] 
[INFO] --- resources:3.3.1:resources (default-resources) @ api ---
[INFO] Copying 2 resources from src\main\resources to target\classes
[INFO] Copying 0 resource from src\main\resources to target\classes
[INFO] 
[INFO] --- compiler:3.14.1:compile (default-compile) @ api ---
[INFO] Recompiling the module because of changed source code.
[INFO] Compiling 50 source files with javac [debug parameters release 17] to target\classes
[INFO] /D:/PROJECTS/pharma label designer/backend/src/main/java/com/pharmalabel/api/security/JwtService.java: Some input files use or override a deprecated API.
[INFO] /D:/PROJECTS/pharma label designer/backend/src/main/java/com/pharmalabel/api/security/JwtService.java: Recompile with -Xlint:deprecation for details.
[INFO] -------------------------------------------------------------
[WARNING] COMPILATION WARNING : 
[INFO] -------------------------------------------------------------
[WARNING] /D:/PROJECTS/pharma label designer/backend/src/main/java/com/pharmalabel/api/models/UserAuthToken.java:[35,21] @Builder will ignore the initializing expression entirely. If you want the initializing expression to serve as default, add @Builder.Default. If it is not supposed to be settable during building, make the field final.
[WARNING] /D:/PROJECTS/pharma label designer/backend/src/main/java/com/pharmalabel/api/models/Permission.java:[33,21] @Builder will ignore the initializing expression entirely. If you want the initializing expression to serve as default, add @Builder.Default. If it is not supposed to be settable during building, make the field final.
[WARNING] /D:/PROJECTS/pharma label designer/backend/src/main/java/com/pharmalabel/api/models/User.java:[38,20] @Builder will ignore the initializing expression entirely. If you want the initializing expression to serve as default, add @Builder.Default. If it is not supposed to be settable during building, make the field final.
[WARNING] /D:/PROJECTS/pharma label designer/backend/src/main/java/com/pharmalabel/api/models/User.java:[41,21] @Builder will ignore the initializing expression entirely. If you want the initializing expression to serve as default, add @Builder.Default. If it is not supposed to be settable during building, make the field final.
[WARNING] /D:/PROJECTS/pharma label designer/backend/src/main/java/com/pharmalabel/api/models/User.java:[44,21] @Builder will ignore the initializing expression entirely. If you want the initializing expression to serve as default, add @Builder.Default. If it is not supposed to be settable during building, make the field final.
[WARNING] /D:/PROJECTS/pharma label designer/backend/src/main/java/com/pharmalabel/api/models/User.java:[53,21] @Builder will ignore the initializing expression entirely. If you want the initializing expression to serve as default, add @Builder.Default. If it is not supposed to be settable during building, make the field final.
[INFO] 6 warnings 
[INFO] -------------------------------------------------------------
[INFO] -------------------------------------------------------------
[ERROR] COMPILATION ERROR : 
[INFO] -------------------------------------------------------------
[ERROR] /D:/PROJECTS/pharma label designer/backend/src/main/java/com/pharmalabel/api/security/JwtService.java:[71,17] cannot find symbol
  symbol:   method parserBuilder()
  location: class io.jsonwebtoken.Jwts
[ERROR] /D:/PROJECTS/pharma label designer/backend/src/main/java/com/pharmalabel/api/services/impl/UserServiceImpl.java:[70,40] cannot find symbol
  symbol:   method findByUserId(java.lang.String)
  location: variable savedTemplateRepository of type com.pharmalabel.api.repositories.SavedTemplateRepository
[INFO] 2 errors 
[INFO] -------------------------------------------------------------
[INFO] ------------------------------------------------------------------------
[INFO] BUILD FAILURE
[INFO] ------------------------------------------------------------------------
[INFO] Total time:  4.505 s
[INFO] Finished at: 2026-03-28T13:11:23+05:30
[INFO] ------------------------------------------------------------------------
[ERROR] Failed to execute goal org.apache.maven.plugins:maven-compiler-plugin:3.14.1:compile (default-compile) on project api: Compilation failure: Compilation failure: 
[ERROR] /D:/PROJECTS/pharma label designer/backend/src/main/java/com/pharmalabel/api/security/JwtService.java:[71,17] cannot find symbol
[ERROR]   symbol:   method parserBuilder()
[ERROR]   location: class io.jsonwebtoken.Jwts
[ERROR] /D:/PROJECTS/pharma label designer/backend/src/main/java/com/pharmalabel/api/services/impl/UserServiceImpl.java:[70,40] cannot find symbol
[ERROR]   symbol:   method findByUserId(java.lang.String)
[ERROR]   location: variable savedTemplateRepository of type com.pharmalabel.api.repositories.SavedTemplateRepository
[ERROR] -> [Help 1]
[ERROR] 
[ERROR] To see the full stack trace of the errors, re-run Maven with the -e switch.
[ERROR] Re-run Maven using the -X switch to enable full debug logging.
[ERROR] 
[ERROR] For more information about the errors and possible solutions, please read the following articles:
[ERROR] [Help 1] http://cwiki.apache.org/confluence/display/MAVEN/MojoFailureException
