[INFO] Scanning for projects...
[INFO] 
[INFO] ------------------------< com.pharmalabel:api >-------------------------
[INFO] Building api 0.0.1-SNAPSHOT
[INFO]   from pom.xml
[INFO] --------------------------------[ jar ]---------------------------------
[INFO] 
[INFO] >>> spring-boot:4.0.5:run (default-cli) > test-compile @ api >>>
[INFO] 
[INFO] --- resources:3.3.1:resources (default-resources) @ api ---
[INFO] Copying 2 resources from src\main\resources to target\classes
[INFO] Copying 0 resource from src\main\resources to target\classes
[INFO] 
[INFO] --- compiler:3.14.1:compile (default-compile) @ api ---
[INFO] Nothing to compile - all classes are up to date.
[INFO] 
[INFO] --- resources:3.3.1:testResources (default-testResources) @ api ---
[INFO] skip non existing resourceDirectory D:\PROJECTS\pharma label designer\backend\src\test\resources
[INFO] 
[INFO] --- compiler:3.14.1:testCompile (default-testCompile) @ api ---
[INFO] Nothing to compile - all classes are up to date.
[INFO] 
[INFO] <<< spring-boot:4.0.5:run (default-cli) < test-compile @ api <<<
[INFO] 
[INFO] 
[INFO] --- spring-boot:4.0.5:run (default-cli) @ api ---
[INFO] Attaching agents: []

  .   ____          _            __ _ _
 /\\ / ___'_ __ _ _(_)_ __  __ _ \ \ \ \
( ( )\___ | '_ | '_| | '_ \/ _` | \ \ \ \
 \\/  ___)| |_)| | | | | || (_| |  ) ) ) )
  '  |____| .__|_| |_|_| |_\__, | / / / /
 =========|_|==============|___/=/_/_/_/

 :: Spring Boot ::                (v4.0.5)

2026-04-04T19:11:43.224+05:30  INFO 6376 --- [api] [           main] com.pharmalabel.api.ApiApplication       : Starting ApiApplication using Java 21.0.10 with PID 6376 (D:\PROJECTS\pharma label designer\backend\target\classes started by gutta in D:\PROJECTS\pharma label designer\backend)
2026-04-04T19:11:43.227+05:30  INFO 6376 --- [api] [           main] com.pharmalabel.api.ApiApplication       : No active profile set, falling back to 1 default profile: "default"
2026-04-04T19:11:43.911+05:30  INFO 6376 --- [api] [           main] .s.d.r.c.RepositoryConfigurationDelegate : Bootstrapping Spring Data JPA repositories in DEFAULT mode.
2026-04-04T19:11:44.001+05:30  INFO 6376 --- [api] [           main] .s.d.r.c.RepositoryConfigurationDelegate : Finished Spring Data repository scanning in 83 ms. Found 18 JPA repository interfaces.
2026-04-04T19:11:44.438+05:30  INFO 6376 --- [api] [           main] o.s.boot.tomcat.TomcatWebServer          : Tomcat initialized with port 8080 (http)
2026-04-04T19:11:44.449+05:30  INFO 6376 --- [api] [           main] o.apache.catalina.core.StandardService   : Starting service [Tomcat]
2026-04-04T19:11:44.449+05:30  INFO 6376 --- [api] [           main] o.apache.catalina.core.StandardEngine    : Starting Servlet engine: [Apache Tomcat/11.0.20]
2026-04-04T19:11:44.488+05:30  INFO 6376 --- [api] [           main] b.w.c.s.WebApplicationContextInitializer : Root WebApplicationContext: initialization completed in 1210 ms
2026-04-04T19:11:44.600+05:30  INFO 6376 --- [api] [           main] org.hibernate.orm.jpa                    : HHH008540: Processing PersistenceUnitInfo [name: default]
2026-04-04T19:11:44.671+05:30  INFO 6376 --- [api] [           main] org.hibernate.orm.core                   : HHH000001: Hibernate ORM core version 7.2.7.Final
2026-04-04T19:11:45.036+05:30  INFO 6376 --- [api] [           main] o.s.o.j.p.SpringPersistenceUnitInfo      : No LoadTimeWeaver setup: ignoring JPA class transformer
2026-04-04T19:11:45.059+05:30  INFO 6376 --- [api] [           main] com.zaxxer.hikari.HikariDataSource       : HikariPool-1 - Starting...
2026-04-04T19:11:46.395+05:30  INFO 6376 --- [api] [           main] com.zaxxer.hikari.pool.HikariPool        : HikariPool-1 - Added connection org.postgresql.jdbc.PgConnection@4bdef487
2026-04-04T19:11:46.403+05:30  INFO 6376 --- [api] [           main] com.zaxxer.hikari.HikariDataSource       : HikariPool-1 - Start completed.
2026-04-04T19:11:46.546+05:30  WARN 6376 --- [api] [           main] org.hibernate.orm.deprecation            : HHH90000025: PostgreSQLDialect does not need to be specified explicitly using 'hibernate.dialect' (remove the property setting and it will be selected by default)
2026-04-04T19:11:47.010+05:30  INFO 6376 --- [api] [           main] org.hibernate.orm.connections.pooling    : HHH10001005: Database info:
	Database JDBC URL [jdbc:postgresql://db.makshjclrawockocbbrs.supabase.co:5432/postgres]
	Database driver: PostgreSQL JDBC Driver
	Database dialect: PostgreSQLDialect
	Database version: 17.6
	Default catalog/schema: postgres/public
	Autocommit mode: undefined/unknown
	Isolation level: READ_COMMITTED [default READ_COMMITTED]
	JDBC fetch size: none
	Pool: DataSourceConnectionProvider
	Minimum pool size: undefined/unknown
	Maximum pool size: undefined/unknown
2026-04-04T19:11:48.033+05:30  INFO 6376 --- [api] [           main] org.hibernate.orm.core                   : HHH000489: No JTA platform available (set 'hibernate.transaction.jta.platform' to enable JTA platform integration)
Hibernate: 
    alter table if exists objects 
       alter column activation_status set data type varchar(255)
2026-04-04T19:11:49.651+05:30  INFO 6376 --- [api] [           main] j.LocalContainerEntityManagerFactoryBean : Initialized JPA EntityManagerFactory for persistence unit 'default'
2026-04-04T19:11:49.702+05:30  INFO 6376 --- [api] [           main] o.s.d.j.r.query.QueryEnhancerFactories   : Hibernate is in classpath; If applicable, HQL parser will be used.
2026-04-04T19:11:51.416+05:30  WARN 6376 --- [api] [           main] JpaBaseConfiguration$JpaWebConfiguration : spring.jpa.open-in-view is enabled by default. Therefore, database queries may be performed during view rendering. Explicitly configure spring.jpa.open-in-view to disable this warning
2026-04-04T19:11:51.493+05:30  INFO 6376 --- [api] [           main] r$InitializeUserDetailsManagerConfigurer : Global AuthenticationManager configured with UserDetailsService bean with name userDetailsServiceImpl
Serving static files from: file:D:/PROJECTS/pharma label designer/backend/uploads/
2026-04-04T19:11:51.949+05:30  INFO 6376 --- [api] [           main] o.s.boot.tomcat.TomcatWebServer          : Tomcat started on port 8080 (http) with context path '/'
2026-04-04T19:11:51.953+05:30  INFO 6376 --- [api] [           main] com.pharmalabel.api.ApiApplication       : Started ApiApplication in 9.12 seconds (process running for 9.425)
Hibernate: 
    select
        count(*) 
    from
        placeholders p1_0
Hibernate: 
    select
        count(*) 
    from
        label_stocks ls1_0
2026-04-04T19:12:44.000+05:30  INFO 6376 --- [api] [nio-8080-exec-1] o.a.c.c.C.[Tomcat].[localhost].[/]       : Initializing Spring DispatcherServlet 'dispatcherServlet'
2026-04-04T19:12:44.000+05:30  INFO 6376 --- [api] [nio-8080-exec-1] o.s.web.servlet.DispatcherServlet        : Initializing Servlet 'dispatcherServlet'
2026-04-04T19:12:44.003+05:30  INFO 6376 --- [api] [nio-8080-exec-1] o.s.web.servlet.DispatcherServlet        : Completed initialization in 2 ms
Hibernate: 
    select
        uat1_0.id,
        uat1_0.created_at,
        uat1_0.expires_at,
        uat1_0.family_id,
        uat1_0.revoked,
        uat1_0.token_hash,
        uat1_0.user_id 
    from
        user_auth_tokens uat1_0
Hibernate: 
    select
        u1_0.id,
        u1_0.created_at,
        u1_0.email,
        u1_0.failed_login_attempts,
        u1_0.locked_until,
        u1_0.must_change_password,
        u1_0.password_changed_at,
        u1_0.password_hash,
        r1_0.id,
        r1_0.name,
        u1_0.status,
        u1_0.username 
    from
        users u1_0 
    left join
        roles r1_0 
            on r1_0.id=u1_0.role_id 
    where
        u1_0.id=?
Hibernate: 
    select
        u1_0.id,
        u1_0.created_at,
        u1_0.email,
        u1_0.failed_login_attempts,
        u1_0.locked_until,
        u1_0.must_change_password,
        u1_0.password_changed_at,
        u1_0.password_hash,
        u1_0.role_id,
        u1_0.status,
        u1_0.username 
    from
        users u1_0 
    where
        u1_0.username=? 
        and u1_0.status<>'DELETED'
Hibernate: 
    insert 
    into
        user_auth_tokens
        (created_at, expires_at, family_id, revoked, token_hash, user_id, id) 
    values
        (?, ?, ?, ?, ?, ?, ?)
Hibernate: 
    update
        user_auth_tokens 
    set
        expires_at=?,
        family_id=?,
        revoked=?,
        token_hash=?,
        user_id=? 
    where
        id=?
Hibernate: 
    SELECT
        * 
    FROM
        permissions 
    WHERE
        role_id IN (SELECT
            id FROM roles 
        WHERE
            name = ?)
Hibernate: 
    select
        u1_0.id,
        u1_0.created_at,
        u1_0.email,
        u1_0.failed_login_attempts,
        u1_0.locked_until,
        u1_0.must_change_password,
        u1_0.password_changed_at,
        u1_0.password_hash,
        u1_0.role_id,
        u1_0.status,
        u1_0.username 
    from
        users u1_0 
    where
        u1_0.username=? 
        and u1_0.status<>'DELETED'
Hibernate: 
    select
        u1_0.id,
        u1_0.created_at,
        u1_0.email,
        u1_0.failed_login_attempts,
        u1_0.locked_until,
        u1_0.must_change_password,
        u1_0.password_changed_at,
        u1_0.password_hash,
        u1_0.role_id,
        u1_0.status,
        u1_0.username 
    from
        users u1_0 
    where
        u1_0.username=? 
        and u1_0.status<>'DELETED'
Hibernate: 
    select
        u1_0.id,
        u1_0.created_at,
        u1_0.email,
        u1_0.failed_login_attempts,
        u1_0.locked_until,
        u1_0.must_change_password,
        u1_0.password_changed_at,
        u1_0.password_hash,
        u1_0.role_id,
        u1_0.status,
        u1_0.username 
    from
        users u1_0 
    where
        u1_0.username=? 
        and u1_0.status<>'DELETED'
Hibernate: 
    select
        u1_0.id,
        u1_0.created_at,
        u1_0.email,
        u1_0.failed_login_attempts,
        u1_0.locked_until,
        u1_0.must_change_password,
        u1_0.password_changed_at,
        u1_0.password_hash,
        u1_0.role_id,
        u1_0.status,
        u1_0.username 
    from
        users u1_0 
    where
        u1_0.username=? 
        and u1_0.status<>'DELETED'
Hibernate: 
    select
        u1_0.id,
        u1_0.created_at,
        u1_0.email,
        u1_0.failed_login_attempts,
        u1_0.locked_until,
        u1_0.must_change_password,
        u1_0.password_changed_at,
        u1_0.password_hash,
        u1_0.role_id,
        u1_0.status,
        u1_0.username 
    from
        users u1_0 
    where
        u1_0.username=? 
        and u1_0.status<>'DELETED'
Hibernate: 
    select
        r1_0.id,
        r1_0.name 
    from
        roles r1_0 
    where
        r1_0.id=?
Hibernate: 
    select
        l1_0.id,
        l1_0.brand,
        l1_0.category,
        l1_0.created_at,
        l1_0.created_by,
        l1_0.image_url,
        l1_0.label_stock_id,
        l1_0.name,
        l1_0.notes,
        l1_0.status,
        l1_0.updated_at 
    from
        labels l1_0 
    where
        l1_0.status=?
Hibernate: 
    select
        r1_0.id,
        r1_0.name 
    from
        roles r1_0 
    where
        r1_0.id=?
Hibernate: 
    select
        r1_0.id,
        r1_0.name 
    from
        roles r1_0 
    where
        r1_0.id=?
Hibernate: 
    select
        r1_0.id,
        r1_0.name 
    from
        roles r1_0 
    where
        r1_0.id=?
Hibernate: 
    select
        r1_0.id,
        r1_0.name 
    from
        roles r1_0 
    where
        r1_0.id=?
Hibernate: 
    select
        ls1_0.id,
        ls1_0.breadth,
        ls1_0.cost_center,
        ls1_0.description,
        ls1_0.height,
        ls1_0.length,
        ls1_0.max_stock_level,
        ls1_0.name,
        ls1_0.quantity_on_hand,
        ls1_0.reorder_level,
        ls1_0.status,
        ls1_0.stock_id,
        ls1_0.supplier,
        ls1_0.unit_of_measure 
    from
        label_stocks ls1_0 
    where
        ls1_0.id=?
Hibernate: 
    select
        l1_0.id,
        l1_0.brand,
        l1_0.category,
        l1_0.created_at,
        l1_0.created_by,
        l1_0.image_url,
        l1_0.label_stock_id,
        l1_0.name,
        l1_0.notes,
        l1_0.status,
        l1_0.updated_at 
    from
        labels l1_0 
    where
        l1_0.status=?
Hibernate: 
    select
        ls1_0.id,
        ls1_0.breadth,
        ls1_0.cost_center,
        ls1_0.description,
        ls1_0.height,
        ls1_0.length,
        ls1_0.max_stock_level,
        ls1_0.name,
        ls1_0.quantity_on_hand,
        ls1_0.reorder_level,
        ls1_0.status,
        ls1_0.stock_id,
        ls1_0.supplier,
        ls1_0.unit_of_measure 
    from
        label_stocks ls1_0
Hibernate: 
    select
        us1_0.id,
        us1_0.dashboard_preferences,
        us1_0.last_accessed,
        us1_0.recent_activity_log,
        us1_0.user_id 
    from
        user_sessions us1_0 
    where
        us1_0.user_id=?
Hibernate: 
    select
        l1_0.id,
        l1_0.code,
        l1_0.country_code,
        l1_0.currency_symbol,
        l1_0.date_format,
        l1_0.direction,
        l1_0.is_default_variant,
        l1_0.name,
        l1_0.parent_language_id,
        l1_0.region_name,
        l1_0.status,
        l1_0.time_format 
    from
        languages l1_0
Hibernate: 
    select
        u1_0.id,
        u1_0.created_at,
        u1_0.email,
        u1_0.failed_login_attempts,
        u1_0.locked_until,
        u1_0.must_change_password,
        u1_0.password_changed_at,
        u1_0.password_hash,
        r1_0.id,
        r1_0.name,
        u1_0.status,
        u1_0.username 
    from
        users u1_0 
    left join
        roles r1_0 
            on r1_0.id=u1_0.role_id 
    where
        u1_0.id=?
Hibernate: 
    select
        u1_0.id,
        u1_0.created_at,
        u1_0.email,
        u1_0.failed_login_attempts,
        u1_0.locked_until,
        u1_0.must_change_password,
        u1_0.password_changed_at,
        u1_0.password_hash,
        u1_0.role_id,
        u1_0.status,
        u1_0.username 
    from
        users u1_0 
    where
        u1_0.username=? 
        and u1_0.status<>'DELETED'
Hibernate: 
    select
        lv1_0.id,
        lv1_0.created_at,
        lv1_0.created_by,
        lv1_0.design_json,
        lv1_0.label_id,
        lv1_0.version_no 
    from
        label_versions lv1_0 
    where
        lv1_0.label_id=? 
    order by
        lv1_0.version_no desc 
    fetch
        first ? rows only
Hibernate: 
    select
        r1_0.id,
        r1_0.name 
    from
        roles r1_0 
    where
        r1_0.id=?
Hibernate: 
    select
        u1_0.id,
        u1_0.created_at,
        u1_0.email,
        u1_0.failed_login_attempts,
        u1_0.locked_until,
        u1_0.must_change_password,
        u1_0.password_changed_at,
        u1_0.password_hash,
        u1_0.role_id,
        u1_0.status,
        u1_0.username 
    from
        users u1_0 
    where
        u1_0.username=? 
        and u1_0.status<>'DELETED'
Hibernate: 
    select
        u1_0.id,
        u1_0.created_at,
        u1_0.email,
        u1_0.failed_login_attempts,
        u1_0.locked_until,
        u1_0.must_change_password,
        u1_0.password_changed_at,
        u1_0.password_hash,
        u1_0.role_id,
        u1_0.status,
        u1_0.username 
    from
        users u1_0 
    where
        u1_0.username=? 
        and u1_0.status<>'DELETED'
Hibernate: 
    select
        lv1_0.id,
        lv1_0.created_at,
        lv1_0.created_by,
        lv1_0.design_json,
        lv1_0.label_id,
        lv1_0.version_no 
    from
        label_versions lv1_0 
    where
        lv1_0.label_id=? 
    order by
        lv1_0.version_no desc 
    fetch
        first ? rows only
Hibernate: 
    select
        l1_0.id,
        l1_0.brand,
        l1_0.category,
        l1_0.created_at,
        l1_0.created_by,
        l1_0.image_url,
        l1_0.label_stock_id,
        l1_0.name,
        l1_0.notes,
        l1_0.status,
        l1_0.updated_at 
    from
        labels l1_0 
    where
        l1_0.status=?
Hibernate: 
    select
        r1_0.id,
        r1_0.name 
    from
        roles r1_0 
    where
        r1_0.id=?
Hibernate: 
    select
        r1_0.id,
        r1_0.name 
    from
        roles r1_0 
    where
        r1_0.id=?
Hibernate: 
    select
        lv1_0.id,
        lv1_0.created_at,
        lv1_0.created_by,
        lv1_0.design_json,
        lv1_0.label_id,
        lv1_0.version_no 
    from
        label_versions lv1_0 
    where
        lv1_0.label_id=? 
    order by
        lv1_0.version_no desc 
    fetch
        first ? rows only
Hibernate: 
    select
        ls1_0.id,
        ls1_0.breadth,
        ls1_0.cost_center,
        ls1_0.description,
        ls1_0.height,
        ls1_0.length,
        ls1_0.max_stock_level,
        ls1_0.name,
        ls1_0.quantity_on_hand,
        ls1_0.reorder_level,
        ls1_0.status,
        ls1_0.stock_id,
        ls1_0.supplier,
        ls1_0.unit_of_measure 
    from
        label_stocks ls1_0
Hibernate: 
    select
        l1_0.id,
        l1_0.code,
        l1_0.country_code,
        l1_0.currency_symbol,
        l1_0.date_format,
        l1_0.direction,
        l1_0.is_default_variant,
        l1_0.name,
        l1_0.parent_language_id,
        l1_0.region_name,
        l1_0.status,
        l1_0.time_format 
    from
        languages l1_0
Hibernate: 
    select
        u1_0.id,
        u1_0.created_at,
        u1_0.email,
        u1_0.failed_login_attempts,
        u1_0.locked_until,
        u1_0.must_change_password,
        u1_0.password_changed_at,
        u1_0.password_hash,
        u1_0.role_id,
        u1_0.status,
        u1_0.username 
    from
        users u1_0 
    where
        u1_0.username=? 
        and u1_0.status<>'DELETED'
Hibernate: 
    select
        lv1_0.id,
        lv1_0.created_at,
        lv1_0.created_by,
        lv1_0.design_json,
        lv1_0.label_id,
        lv1_0.version_no 
    from
        label_versions lv1_0 
    where
        lv1_0.label_id=? 
    order by
        lv1_0.version_no desc 
    fetch
        first ? rows only
Hibernate: 
    select
        r1_0.id,
        r1_0.name 
    from
        roles r1_0 
    where
        r1_0.id=?
Hibernate: 
    select
        u1_0.id,
        u1_0.created_at,
        u1_0.email,
        u1_0.failed_login_attempts,
        u1_0.locked_until,
        u1_0.must_change_password,
        u1_0.password_changed_at,
        u1_0.password_hash,
        u1_0.role_id,
        u1_0.status,
        u1_0.username 
    from
        users u1_0 
    where
        u1_0.username=? 
        and u1_0.status<>'DELETED'
Hibernate: 
    select
        u1_0.id,
        u1_0.created_at,
        u1_0.email,
        u1_0.failed_login_attempts,
        u1_0.locked_until,
        u1_0.must_change_password,
        u1_0.password_changed_at,
        u1_0.password_hash,
        u1_0.role_id,
        u1_0.status,
        u1_0.username 
    from
        users u1_0 
    where
        u1_0.username=? 
        and u1_0.status<>'DELETED'
Hibernate: 
    select
        us1_0.id,
        us1_0.dashboard_preferences,
        us1_0.last_accessed,
        us1_0.recent_activity_log,
        us1_0.user_id 
    from
        user_sessions us1_0 
    where
        us1_0.user_id=?
Hibernate: 
    select
        r1_0.id,
        r1_0.name 
    from
        roles r1_0 
    where
        r1_0.id=?
Hibernate: 
    select
        r1_0.id,
        r1_0.name 
    from
        roles r1_0 
    where
        r1_0.id=?
Hibernate: 
    select
        l1_0.id,
        l1_0.brand,
        l1_0.category,
        l1_0.created_at,
        l1_0.created_by,
        l1_0.image_url,
        l1_0.label_stock_id,
        l1_0.name,
        l1_0.notes,
        l1_0.status,
        l1_0.updated_at 
    from
        labels l1_0 
    where
        l1_0.status=?
Hibernate: 
    select
        lv1_0.id,
        lv1_0.created_at,
        lv1_0.created_by,
        lv1_0.design_json,
        lv1_0.label_id,
        lv1_0.version_no 
    from
        label_versions lv1_0 
    where
        lv1_0.label_id=? 
    order by
        lv1_0.version_no desc 
    fetch
        first ? rows only
Hibernate: 
    select
        ls1_0.id,
        ls1_0.breadth,
        ls1_0.cost_center,
        ls1_0.description,
        ls1_0.height,
        ls1_0.length,
        ls1_0.max_stock_level,
        ls1_0.name,
        ls1_0.quantity_on_hand,
        ls1_0.reorder_level,
        ls1_0.status,
        ls1_0.stock_id,
        ls1_0.supplier,
        ls1_0.unit_of_measure 
    from
        label_stocks ls1_0 
    where
        ls1_0.id=?
Hibernate: 
    select
        u1_0.id,
        u1_0.created_at,
        u1_0.email,
        u1_0.failed_login_attempts,
        u1_0.locked_until,
        u1_0.must_change_password,
        u1_0.password_changed_at,
        u1_0.password_hash,
        r1_0.id,
        r1_0.name,
        u1_0.status,
        u1_0.username 
    from
        users u1_0 
    left join
        roles r1_0 
            on r1_0.id=u1_0.role_id 
    where
        u1_0.id=?
Hibernate: 
    select
        lv1_0.id,
        lv1_0.created_at,
        lv1_0.created_by,
        lv1_0.design_json,
        lv1_0.label_id,
        lv1_0.version_no 
    from
        label_versions lv1_0 
    where
        lv1_0.label_id=? 
    order by
        lv1_0.version_no desc 
    fetch
        first ? rows only
Hibernate: 
    select
        u1_0.id,
        u1_0.created_at,
        u1_0.email,
        u1_0.failed_login_attempts,
        u1_0.locked_until,
        u1_0.must_change_password,
        u1_0.password_changed_at,
        u1_0.password_hash,
        r1_0.id,
        r1_0.name,
        u1_0.status,
        u1_0.username 
    from
        users u1_0 
    left join
        roles r1_0 
            on r1_0.id=u1_0.role_id 
    where
        u1_0.id=?
Hibernate: 
    select
        lv1_0.id,
        lv1_0.created_at,
        lv1_0.created_by,
        lv1_0.design_json,
        lv1_0.label_id,
        lv1_0.version_no 
    from
        label_versions lv1_0 
    where
        lv1_0.label_id=? 
    order by
        lv1_0.version_no desc 
    fetch
        first ? rows only
Hibernate: 
    select
        u1_0.id,
        u1_0.created_at,
        u1_0.email,
        u1_0.failed_login_attempts,
        u1_0.locked_until,
        u1_0.must_change_password,
        u1_0.password_changed_at,
        u1_0.password_hash,
        u1_0.role_id,
        u1_0.status,
        u1_0.username 
    from
        users u1_0 
    where
        u1_0.username=? 
        and u1_0.status<>'DELETED'
Hibernate: 
    select
        lv1_0.id,
        lv1_0.created_at,
        lv1_0.created_by,
        lv1_0.design_json,
        lv1_0.label_id,
        lv1_0.version_no 
    from
        label_versions lv1_0 
    where
        lv1_0.label_id=? 
    order by
        lv1_0.version_no desc 
    fetch
        first ? rows only
Hibernate: 
    select
        lv1_0.id,
        lv1_0.created_at,
        lv1_0.created_by,
        lv1_0.design_json,
        lv1_0.label_id,
        lv1_0.version_no 
    from
        label_versions lv1_0 
    where
        lv1_0.label_id=? 
    order by
        lv1_0.version_no desc 
    fetch
        first ? rows only
Hibernate: 
    select
        r1_0.id,
        r1_0.name 
    from
        roles r1_0 
    where
        r1_0.id=?
Hibernate: 
    select
        u1_0.id,
        u1_0.created_at,
        u1_0.email,
        u1_0.failed_login_attempts,
        u1_0.locked_until,
        u1_0.must_change_password,
        u1_0.password_changed_at,
        u1_0.password_hash,
        u1_0.role_id,
        u1_0.status,
        u1_0.username 
    from
        users u1_0 
    where
        u1_0.username=? 
        and u1_0.status<>'DELETED'
Hibernate: 
    select
        oe1_0.id,
        oe1_0.activation_status,
        oe1_0.created_at,
        oe1_0.description,
        oe1_0.file_url,
        oe1_0.label_id,
        oe1_0.metadata,
        oe1_0.name,
        oe1_0.parent_id,
        oe1_0.tags,
        oe1_0.type,
        oe1_0.updated_at,
        oe1_0.version 
    from
        objects oe1_0
Hibernate: 
    select
        r1_0.id,
        r1_0.name 
    from
        roles r1_0 
    where
        r1_0.id=?
Hibernate: 
    select
        lv1_0.id,
        lv1_0.created_at,
        lv1_0.created_by,
        lv1_0.design_json,
        lv1_0.label_id,
        lv1_0.version_no 
    from
        label_versions lv1_0 
    where
        lv1_0.label_id=? 
    order by
        lv1_0.version_no desc 
    fetch
        first ? rows only
Hibernate: 
    select
        u1_0.id,
        u1_0.created_at,
        u1_0.email,
        u1_0.failed_login_attempts,
        u1_0.locked_until,
        u1_0.must_change_password,
        u1_0.password_changed_at,
        u1_0.password_hash,
        r1_0.id,
        r1_0.name,
        u1_0.status,
        u1_0.username 
    from
        users u1_0 
    left join
        roles r1_0 
            on r1_0.id=u1_0.role_id 
    where
        u1_0.id=?
Hibernate: 
    select
        u1_0.id,
        u1_0.created_at,
        u1_0.email,
        u1_0.failed_login_attempts,
        u1_0.locked_until,
        u1_0.must_change_password,
        u1_0.password_changed_at,
        u1_0.password_hash,
        u1_0.role_id,
        u1_0.status,
        u1_0.username 
    from
        users u1_0 
    where
        u1_0.username=? 
        and u1_0.status<>'DELETED'
Hibernate: 
    select
        r1_0.id,
        r1_0.name 
    from
        roles r1_0 
    where
        r1_0.id=?
Hibernate: 
    select
        u1_0.id,
        u1_0.created_at,
        u1_0.email,
        u1_0.failed_login_attempts,
        u1_0.locked_until,
        u1_0.must_change_password,
        u1_0.password_changed_at,
        u1_0.password_hash,
        u1_0.role_id,
        u1_0.status,
        u1_0.username 
    from
        users u1_0 
    where
        u1_0.username=? 
        and u1_0.status<>'DELETED'
Hibernate: 
    select
        r1_0.id,
        r1_0.name 
    from
        roles r1_0 
    where
        r1_0.id=?
Hibernate: 
    select
        l1_0.id,
        l1_0.brand,
        l1_0.category,
        l1_0.created_at,
        l1_0.created_by,
        l1_0.image_url,
        l1_0.label_stock_id,
        l1_0.name,
        l1_0.notes,
        l1_0.status,
        l1_0.updated_at 
    from
        labels l1_0 
    where
        l1_0.id=?
Hibernate: 
    select
        lv1_0.id,
        lv1_0.created_at,
        lv1_0.created_by,
        lv1_0.design_json,
        lv1_0.label_id,
        lv1_0.version_no 
    from
        label_versions lv1_0 
    where
        lv1_0.label_id=? 
    order by
        lv1_0.version_no desc 
    fetch
        first ? rows only
Hibernate: 
    insert 
    into
        label_versions
        (created_at, created_by, design_json, label_id, version_no, id) 
    values
        (?, ?, ?, ?, ?, ?)
Hibernate: 
    select
        u1_0.id,
        u1_0.created_at,
        u1_0.email,
        u1_0.failed_login_attempts,
        u1_0.locked_until,
        u1_0.must_change_password,
        u1_0.password_changed_at,
        u1_0.password_hash,
        u1_0.role_id,
        u1_0.status,
        u1_0.username 
    from
        users u1_0 
    where
        u1_0.username=? 
        and u1_0.status<>'DELETED'
Hibernate: 
    select
        u1_0.id,
        u1_0.created_at,
        u1_0.email,
        u1_0.failed_login_attempts,
        u1_0.locked_until,
        u1_0.must_change_password,
        u1_0.password_changed_at,
        u1_0.password_hash,
        u1_0.role_id,
        u1_0.status,
        u1_0.username 
    from
        users u1_0 
    where
        u1_0.username=? 
        and u1_0.status<>'DELETED'
Hibernate: 
    select
        u1_0.id,
        u1_0.created_at,
        u1_0.email,
        u1_0.failed_login_attempts,
        u1_0.locked_until,
        u1_0.must_change_password,
        u1_0.password_changed_at,
        u1_0.password_hash,
        u1_0.role_id,
        u1_0.status,
        u1_0.username 
    from
        users u1_0 
    where
        u1_0.username=? 
        and u1_0.status<>'DELETED'
Hibernate: 
    select
        r1_0.id,
        r1_0.name 
    from
        roles r1_0 
    where
        r1_0.id=?
Hibernate: 
    select
        r1_0.id,
        r1_0.name 
    from
        roles r1_0 
    where
        r1_0.id=?
Hibernate: 
    select
        r1_0.id,
        r1_0.name 
    from
        roles r1_0 
    where
        r1_0.id=?
Hibernate: 
    select
        l1_0.id,
        l1_0.brand,
        l1_0.category,
        l1_0.created_at,
        l1_0.created_by,
        l1_0.image_url,
        l1_0.label_stock_id,
        l1_0.name,
        l1_0.notes,
        l1_0.status,
        l1_0.updated_at 
    from
        labels l1_0 
    where
        l1_0.status=?
Hibernate: 
    select
        u1_0.id,
        u1_0.created_at,
        u1_0.email,
        u1_0.failed_login_attempts,
        u1_0.locked_until,
        u1_0.must_change_password,
        u1_0.password_changed_at,
        u1_0.password_hash,
        u1_0.role_id,
        u1_0.status,
        u1_0.username 
    from
        users u1_0 
    where
        u1_0.username=? 
        and u1_0.status<>'DELETED'
Hibernate: 
    select
        ls1_0.id,
        ls1_0.breadth,
        ls1_0.cost_center,
        ls1_0.description,
        ls1_0.height,
        ls1_0.length,
        ls1_0.max_stock_level,
        ls1_0.name,
        ls1_0.quantity_on_hand,
        ls1_0.reorder_level,
        ls1_0.status,
        ls1_0.stock_id,
        ls1_0.supplier,
        ls1_0.unit_of_measure 
    from
        label_stocks ls1_0
Hibernate: 
    select
        r1_0.id,
        r1_0.name 
    from
        roles r1_0 
    where
        r1_0.id=?
Hibernate: 
    select
        ls1_0.id,
        ls1_0.breadth,
        ls1_0.cost_center,
        ls1_0.description,
        ls1_0.height,
        ls1_0.length,
        ls1_0.max_stock_level,
        ls1_0.name,
        ls1_0.quantity_on_hand,
        ls1_0.reorder_level,
        ls1_0.status,
        ls1_0.stock_id,
        ls1_0.supplier,
        ls1_0.unit_of_measure 
    from
        label_stocks ls1_0 
    where
        ls1_0.id=?
Hibernate: 
    select
        pr1_0.id,
        pr1_0.label_id,
        pr1_0.label_stock_id,
        pr1_0.printer_name,
        pr1_0.quantity,
        pr1_0.requested_at,
        pr1_0.requested_by_id,
        pr1_0.status 
    from
        print_requests pr1_0 
    where
        pr1_0.requested_by_id=? 
    order by
        pr1_0.requested_at desc
Hibernate: 
    select
        u1_0.id,
        u1_0.created_at,
        u1_0.email,
        u1_0.failed_login_attempts,
        u1_0.locked_until,
        u1_0.must_change_password,
        u1_0.password_changed_at,
        u1_0.password_hash,
        r1_0.id,
        r1_0.name,
        u1_0.status,
        u1_0.username 
    from
        users u1_0 
    left join
        roles r1_0 
            on r1_0.id=u1_0.role_id 
    where
        u1_0.id=?
Hibernate: 
    select
        u1_0.id,
        u1_0.created_at,
        u1_0.email,
        u1_0.failed_login_attempts,
        u1_0.locked_until,
        u1_0.must_change_password,
        u1_0.password_changed_at,
        u1_0.password_hash,
        u1_0.role_id,
        u1_0.status,
        u1_0.username 
    from
        users u1_0 
    where
        u1_0.username=? 
        and u1_0.status<>'DELETED'
Hibernate: 
    select
        lv1_0.id,
        lv1_0.created_at,
        lv1_0.created_by,
        lv1_0.design_json,
        lv1_0.label_id,
        lv1_0.version_no 
    from
        label_versions lv1_0 
    where
        lv1_0.label_id=? 
    order by
        lv1_0.version_no desc 
    fetch
        first ? rows only
Hibernate: 
    select
        u1_0.id,
        u1_0.created_at,
        u1_0.email,
        u1_0.failed_login_attempts,
        u1_0.locked_until,
        u1_0.must_change_password,
        u1_0.password_changed_at,
        u1_0.password_hash,
        u1_0.role_id,
        u1_0.status,
        u1_0.username 
    from
        users u1_0 
    where
        u1_0.username=? 
        and u1_0.status<>'DELETED'
Hibernate: 
    select
        r1_0.id,
        r1_0.name 
    from
        roles r1_0 
    where
        r1_0.id=?
Hibernate: 
    select
        ls1_0.id,
        ls1_0.breadth,
        ls1_0.cost_center,
        ls1_0.description,
        ls1_0.height,
        ls1_0.length,
        ls1_0.max_stock_level,
        ls1_0.name,
        ls1_0.quantity_on_hand,
        ls1_0.reorder_level,
        ls1_0.status,
        ls1_0.stock_id,
        ls1_0.supplier,
        ls1_0.unit_of_measure 
    from
        label_stocks ls1_0
Hibernate: 
    select
        r1_0.id,
        r1_0.name 
    from
        roles r1_0 
    where
        r1_0.id=?
Hibernate: 
    select
        lv1_0.id,
        lv1_0.created_at,
        lv1_0.created_by,
        lv1_0.design_json,
        lv1_0.label_id,
        lv1_0.version_no 
    from
        label_versions lv1_0 
    where
        lv1_0.label_id=? 
    order by
        lv1_0.version_no desc 
    fetch
        first ? rows only
Hibernate: 
    select
        u1_0.id,
        u1_0.created_at,
        u1_0.email,
        u1_0.failed_login_attempts,
        u1_0.locked_until,
        u1_0.must_change_password,
        u1_0.password_changed_at,
        u1_0.password_hash,
        u1_0.role_id,
        u1_0.status,
        u1_0.username 
    from
        users u1_0 
    where
        u1_0.username=? 
        and u1_0.status<>'DELETED'
Hibernate: 
    select
        lv1_0.id,
        lv1_0.created_at,
        lv1_0.created_by,
        lv1_0.design_json,
        lv1_0.label_id,
        lv1_0.version_no 
    from
        label_versions lv1_0 
    where
        lv1_0.label_id=? 
    order by
        lv1_0.version_no desc 
    fetch
        first ? rows only
Hibernate: 
    select
        r1_0.id,
        r1_0.name 
    from
        roles r1_0 
    where
        r1_0.id=?
Hibernate: 
    select
        lv1_0.id,
        lv1_0.created_at,
        lv1_0.created_by,
        lv1_0.design_json,
        lv1_0.label_id,
        lv1_0.version_no 
    from
        label_versions lv1_0 
    where
        lv1_0.label_id=? 
    order by
        lv1_0.version_no desc 
    fetch
        first ? rows only
Hibernate: 
    select
        pr1_0.id,
        pr1_0.label_id,
        pr1_0.label_stock_id,
        pr1_0.printer_name,
        pr1_0.quantity,
        pr1_0.requested_at,
        pr1_0.requested_by_id,
        pr1_0.status 
    from
        print_requests pr1_0 
    where
        pr1_0.requested_by_id=? 
    order by
        pr1_0.requested_at desc
Hibernate: 
    select
        u1_0.id,
        u1_0.created_at,
        u1_0.email,
        u1_0.failed_login_attempts,
        u1_0.locked_until,
        u1_0.must_change_password,
        u1_0.password_changed_at,
        u1_0.password_hash,
        u1_0.role_id,
        u1_0.status,
        u1_0.username 
    from
        users u1_0 
    where
        u1_0.username=? 
        and u1_0.status<>'DELETED'
Hibernate: 
    select
        r1_0.id,
        r1_0.name 
    from
        roles r1_0 
    where
        r1_0.id=?
Hibernate: 
    select
        l1_0.id,
        l1_0.brand,
        l1_0.category,
        l1_0.created_at,
        l1_0.created_by,
        l1_0.image_url,
        l1_0.label_stock_id,
        l1_0.name,
        l1_0.notes,
        l1_0.status,
        l1_0.updated_at 
    from
        labels l1_0 
    where
        l1_0.status=?
Hibernate: 
    select
        ls1_0.id,
        ls1_0.breadth,
        ls1_0.cost_center,
        ls1_0.description,
        ls1_0.height,
        ls1_0.length,
        ls1_0.max_stock_level,
        ls1_0.name,
        ls1_0.quantity_on_hand,
        ls1_0.reorder_level,
        ls1_0.status,
        ls1_0.stock_id,
        ls1_0.supplier,
        ls1_0.unit_of_measure 
    from
        label_stocks ls1_0 
    where
        ls1_0.id=?
Hibernate: 
    select
        u1_0.id,
        u1_0.created_at,
        u1_0.email,
        u1_0.failed_login_attempts,
        u1_0.locked_until,
        u1_0.must_change_password,
        u1_0.password_changed_at,
        u1_0.password_hash,
        r1_0.id,
        r1_0.name,
        u1_0.status,
        u1_0.username 
    from
        users u1_0 
    left join
        roles r1_0 
            on r1_0.id=u1_0.role_id 
    where
        u1_0.id=?
Hibernate: 
    select
        lv1_0.id,
        lv1_0.created_at,
        lv1_0.created_by,
        lv1_0.design_json,
        lv1_0.label_id,
        lv1_0.version_no 
    from
        label_versions lv1_0 
    where
        lv1_0.label_id=? 
    order by
        lv1_0.version_no desc 
    fetch
        first ? rows only
Hibernate: 
    select
        lv1_0.id,
        lv1_0.created_at,
        lv1_0.created_by,
        lv1_0.design_json,
        lv1_0.label_id,
        lv1_0.version_no 
    from
        label_versions lv1_0 
    where
        lv1_0.label_id=? 
    order by
        lv1_0.version_no desc 
    fetch
        first ? rows only
Hibernate: 
    select
        lv1_0.id,
        lv1_0.created_at,
        lv1_0.created_by,
        lv1_0.design_json,
        lv1_0.label_id,
        lv1_0.version_no 
    from
        label_versions lv1_0 
    where
        lv1_0.label_id=? 
    order by
        lv1_0.version_no desc 
    fetch
        first ? rows only
Hibernate: 
    select
        lv1_0.id,
        lv1_0.created_at,
        lv1_0.created_by,
        lv1_0.design_json,
        lv1_0.label_id,
        lv1_0.version_no 
    from
        label_versions lv1_0 
    where
        lv1_0.label_id=? 
    order by
        lv1_0.version_no desc 
    fetch
        first ? rows only
Hibernate: 
    select
        u1_0.id,
        u1_0.created_at,
        u1_0.email,
        u1_0.failed_login_attempts,
        u1_0.locked_until,
        u1_0.must_change_password,
        u1_0.password_changed_at,
        u1_0.password_hash,
        u1_0.role_id,
        u1_0.status,
        u1_0.username 
    from
        users u1_0 
    where
        u1_0.username=? 
        and u1_0.status<>'DELETED'
Hibernate: 
    select
        r1_0.id,
        r1_0.name 
    from
        roles r1_0 
    where
        r1_0.id=?
Hibernate: 
    select
        ls1_0.id,
        ls1_0.breadth,
        ls1_0.cost_center,
        ls1_0.description,
        ls1_0.height,
        ls1_0.length,
        ls1_0.max_stock_level,
        ls1_0.name,
        ls1_0.quantity_on_hand,
        ls1_0.reorder_level,
        ls1_0.status,
        ls1_0.stock_id,
        ls1_0.supplier,
        ls1_0.unit_of_measure 
    from
        label_stocks ls1_0
Hibernate: 
    select
        u1_0.id,
        u1_0.created_at,
        u1_0.email,
        u1_0.failed_login_attempts,
        u1_0.locked_until,
        u1_0.must_change_password,
        u1_0.password_changed_at,
        u1_0.password_hash,
        u1_0.role_id,
        u1_0.status,
        u1_0.username 
    from
        users u1_0 
    where
        u1_0.username=? 
        and u1_0.status<>'DELETED'
Hibernate: 
    select
        r1_0.id,
        r1_0.name 
    from
        roles r1_0 
    where
        r1_0.id=?
Hibernate: 
    select
        oe1_0.id,
        oe1_0.activation_status,
        oe1_0.created_at,
        oe1_0.description,
        oe1_0.file_url,
        oe1_0.label_id,
        oe1_0.metadata,
        oe1_0.name,
        oe1_0.parent_id,
        oe1_0.tags,
        oe1_0.type,
        oe1_0.updated_at,
        oe1_0.version 
    from
        objects oe1_0
Hibernate: 
    select
        u1_0.id,
        u1_0.created_at,
        u1_0.email,
        u1_0.failed_login_attempts,
        u1_0.locked_until,
        u1_0.must_change_password,
        u1_0.password_changed_at,
        u1_0.password_hash,
        u1_0.role_id,
        u1_0.status,
        u1_0.username 
    from
        users u1_0 
    where
        u1_0.username=? 
        and u1_0.status<>'DELETED'
Hibernate: 
    select
        u1_0.id,
        u1_0.created_at,
        u1_0.email,
        u1_0.failed_login_attempts,
        u1_0.locked_until,
        u1_0.must_change_password,
        u1_0.password_changed_at,
        u1_0.password_hash,
        u1_0.role_id,
        u1_0.status,
        u1_0.username 
    from
        users u1_0 
    where
        u1_0.username=? 
        and u1_0.status<>'DELETED'
Hibernate: 
    select
        r1_0.id,
        r1_0.name 
    from
        roles r1_0 
    where
        r1_0.id=?
Hibernate: 
    select
        r1_0.id,
        r1_0.name 
    from
        roles r1_0 
    where
        r1_0.id=?
Hibernate: 
    select
        p1_0.id,
        p1_0.default_value,
        p1_0.description,
        p1_0.format_rules,
        p1_0.mapping_key,
        p1_0.name,
        p1_0.status,
        p1_0.type 
    from
        placeholders p1_0
Hibernate: 
    select
        oe1_0.id,
        oe1_0.activation_status,
        oe1_0.created_at,
        oe1_0.description,
        oe1_0.file_url,
        oe1_0.label_id,
        oe1_0.metadata,
        oe1_0.name,
        oe1_0.parent_id,
        oe1_0.tags,
        oe1_0.type,
        oe1_0.updated_at,
        oe1_0.version 
    from
        objects oe1_0 
    where
        oe1_0.activation_status=?
Hibernate: 
    select
        u1_0.id,
        u1_0.created_at,
        u1_0.email,
        u1_0.failed_login_attempts,
        u1_0.locked_until,
        u1_0.must_change_password,
        u1_0.password_changed_at,
        u1_0.password_hash,
        u1_0.role_id,
        u1_0.status,
        u1_0.username 
    from
        users u1_0 
    where
        u1_0.username=? 
        and u1_0.status<>'DELETED'
Hibernate: 
    select
        u1_0.id,
        u1_0.created_at,
        u1_0.email,
        u1_0.failed_login_attempts,
        u1_0.locked_until,
        u1_0.must_change_password,
        u1_0.password_changed_at,
        u1_0.password_hash,
        u1_0.role_id,
        u1_0.status,
        u1_0.username 
    from
        users u1_0 
    where
        u1_0.username=? 
        and u1_0.status<>'DELETED'
Hibernate: 
    select
        r1_0.id,
        r1_0.name 
    from
        roles r1_0 
    where
        r1_0.id=?
Hibernate: 
    select
        oe1_0.id,
        oe1_0.activation_status,
        oe1_0.created_at,
        oe1_0.description,
        oe1_0.file_url,
        oe1_0.label_id,
        oe1_0.metadata,
        oe1_0.name,
        oe1_0.parent_id,
        oe1_0.tags,
        oe1_0.type,
        oe1_0.updated_at,
        oe1_0.version 
    from
        objects oe1_0 
    where
        oe1_0.activation_status=?
Hibernate: 
    select
        r1_0.id,
        r1_0.name 
    from
        roles r1_0 
    where
        r1_0.id=?
Hibernate: 
    select
        p1_0.id,
        p1_0.default_value,
        p1_0.description,
        p1_0.format_rules,
        p1_0.mapping_key,
        p1_0.name,
        p1_0.status,
        p1_0.type 
    from
        placeholders p1_0
Hibernate: 
    select
        u1_0.id,
        u1_0.created_at,
        u1_0.email,
        u1_0.failed_login_attempts,
        u1_0.locked_until,
        u1_0.must_change_password,
        u1_0.password_changed_at,
        u1_0.password_hash,
        u1_0.role_id,
        u1_0.status,
        u1_0.username 
    from
        users u1_0 
    where
        u1_0.username=? 
        and u1_0.status<>'DELETED'
Hibernate: 
    select
        u1_0.id,
        u1_0.created_at,
        u1_0.email,
        u1_0.failed_login_attempts,
        u1_0.locked_until,
        u1_0.must_change_password,
        u1_0.password_changed_at,
        u1_0.password_hash,
        u1_0.role_id,
        u1_0.status,
        u1_0.username 
    from
        users u1_0 
    where
        u1_0.username=? 
        and u1_0.status<>'DELETED'
Hibernate: 
    select
        u1_0.id,
        u1_0.created_at,
        u1_0.email,
        u1_0.failed_login_attempts,
        u1_0.locked_until,
        u1_0.must_change_password,
        u1_0.password_changed_at,
        u1_0.password_hash,
        u1_0.role_id,
        u1_0.status,
        u1_0.username 
    from
        users u1_0 
    where
        u1_0.username=? 
        and u1_0.status<>'DELETED'
Hibernate: 
    select
        r1_0.id,
        r1_0.name 
    from
        roles r1_0 
    where
        r1_0.id=?
Hibernate: 
    select
        r1_0.id,
        r1_0.name 
    from
        roles r1_0 
    where
        r1_0.id=?
Hibernate: 
    select
        r1_0.id,
        r1_0.name 
    from
        roles r1_0 
    where
        r1_0.id=?
Hibernate: 
    select
        u1_0.id,
        u1_0.created_at,
        u1_0.email,
        u1_0.failed_login_attempts,
        u1_0.locked_until,
        u1_0.must_change_password,
        u1_0.password_changed_at,
        u1_0.password_hash,
        u1_0.role_id,
        u1_0.status,
        u1_0.username 
    from
        users u1_0 
    where
        u1_0.username=? 
        and u1_0.status<>'DELETED'
Hibernate: 
    select
        ls1_0.id,
        ls1_0.breadth,
        ls1_0.cost_center,
        ls1_0.description,
        ls1_0.height,
        ls1_0.length,
        ls1_0.max_stock_level,
        ls1_0.name,
        ls1_0.quantity_on_hand,
        ls1_0.reorder_level,
        ls1_0.status,
        ls1_0.stock_id,
        ls1_0.supplier,
        ls1_0.unit_of_measure 
    from
        label_stocks ls1_0
Hibernate: 
    select
        l1_0.id,
        l1_0.brand,
        l1_0.category,
        l1_0.created_at,
        l1_0.created_by,
        l1_0.image_url,
        l1_0.label_stock_id,
        l1_0.name,
        l1_0.notes,
        l1_0.status,
        l1_0.updated_at 
    from
        labels l1_0 
    where
        l1_0.status=?
Hibernate: 
    select
        r1_0.id,
        r1_0.name 
    from
        roles r1_0 
    where
        r1_0.id=?
Hibernate: 
    select
        ls1_0.id,
        ls1_0.breadth,
        ls1_0.cost_center,
        ls1_0.description,
        ls1_0.height,
        ls1_0.length,
        ls1_0.max_stock_level,
        ls1_0.name,
        ls1_0.quantity_on_hand,
        ls1_0.reorder_level,
        ls1_0.status,
        ls1_0.stock_id,
        ls1_0.supplier,
        ls1_0.unit_of_measure 
    from
        label_stocks ls1_0 
    where
        ls1_0.id=?
Hibernate: 
    select
        pr1_0.id,
        pr1_0.label_id,
        pr1_0.label_stock_id,
        pr1_0.printer_name,
        pr1_0.quantity,
        pr1_0.requested_at,
        pr1_0.requested_by_id,
        pr1_0.status 
    from
        print_requests pr1_0 
    where
        pr1_0.requested_by_id=? 
    order by
        pr1_0.requested_at desc
Hibernate: 
    select
        u1_0.id,
        u1_0.created_at,
        u1_0.email,
        u1_0.failed_login_attempts,
        u1_0.locked_until,
        u1_0.must_change_password,
        u1_0.password_changed_at,
        u1_0.password_hash,
        u1_0.role_id,
        u1_0.status,
        u1_0.username 
    from
        users u1_0 
    where
        u1_0.username=? 
        and u1_0.status<>'DELETED'
Hibernate: 
    select
        u1_0.id,
        u1_0.created_at,
        u1_0.email,
        u1_0.failed_login_attempts,
        u1_0.locked_until,
        u1_0.must_change_password,
        u1_0.password_changed_at,
        u1_0.password_hash,
        r1_0.id,
        r1_0.name,
        u1_0.status,
        u1_0.username 
    from
        users u1_0 
    left join
        roles r1_0 
            on r1_0.id=u1_0.role_id 
    where
        u1_0.id=?
Hibernate: 
    select
        u1_0.id,
        u1_0.created_at,
        u1_0.email,
        u1_0.failed_login_attempts,
        u1_0.locked_until,
        u1_0.must_change_password,
        u1_0.password_changed_at,
        u1_0.password_hash,
        u1_0.role_id,
        u1_0.status,
        u1_0.username 
    from
        users u1_0 
    where
        u1_0.username=? 
        and u1_0.status<>'DELETED'
Hibernate: 
    select
        lv1_0.id,
        lv1_0.created_at,
        lv1_0.created_by,
        lv1_0.design_json,
        lv1_0.label_id,
        lv1_0.version_no 
    from
        label_versions lv1_0 
    where
        lv1_0.label_id=? 
    order by
        lv1_0.version_no desc 
    fetch
        first ? rows only
Hibernate: 
    select
        r1_0.id,
        r1_0.name 
    from
        roles r1_0 
    where
        r1_0.id=?
Hibernate: 
    select
        r1_0.id,
        r1_0.name 
    from
        roles r1_0 
    where
        r1_0.id=?
Hibernate: 
    select
        lv1_0.id,
        lv1_0.created_at,
        lv1_0.created_by,
        lv1_0.design_json,
        lv1_0.label_id,
        lv1_0.version_no 
    from
        label_versions lv1_0 
    where
        lv1_0.label_id=? 
    order by
        lv1_0.version_no desc 
    fetch
        first ? rows only
Hibernate: 
    select
        ls1_0.id,
        ls1_0.breadth,
        ls1_0.cost_center,
        ls1_0.description,
        ls1_0.height,
        ls1_0.length,
        ls1_0.max_stock_level,
        ls1_0.name,
        ls1_0.quantity_on_hand,
        ls1_0.reorder_level,
        ls1_0.status,
        ls1_0.stock_id,
        ls1_0.supplier,
        ls1_0.unit_of_measure 
    from
        label_stocks ls1_0
Hibernate: 
    select
        u1_0.id,
        u1_0.created_at,
        u1_0.email,
        u1_0.failed_login_attempts,
        u1_0.locked_until,
        u1_0.must_change_password,
        u1_0.password_changed_at,
        u1_0.password_hash,
        u1_0.role_id,
        u1_0.status,
        u1_0.username 
    from
        users u1_0 
    where
        u1_0.username=? 
        and u1_0.status<>'DELETED'
Hibernate: 
    select
        lv1_0.id,
        lv1_0.created_at,
        lv1_0.created_by,
        lv1_0.design_json,
        lv1_0.label_id,
        lv1_0.version_no 
    from
        label_versions lv1_0 
    where
        lv1_0.label_id=? 
    order by
        lv1_0.version_no desc 
    fetch
        first ? rows only
Hibernate: 
    select
        r1_0.id,
        r1_0.name 
    from
        roles r1_0 
    where
        r1_0.id=?
Hibernate: 
    select
        lv1_0.id,
        lv1_0.created_at,
        lv1_0.created_by,
        lv1_0.design_json,
        lv1_0.label_id,
        lv1_0.version_no 
    from
        label_versions lv1_0 
    where
        lv1_0.label_id=? 
    order by
        lv1_0.version_no desc 
    fetch
        first ? rows only
Hibernate: 
    select
        u1_0.id,
        u1_0.created_at,
        u1_0.email,
        u1_0.failed_login_attempts,
        u1_0.locked_until,
        u1_0.must_change_password,
        u1_0.password_changed_at,
        u1_0.password_hash,
        u1_0.role_id,
        u1_0.status,
        u1_0.username 
    from
        users u1_0 
    where
        u1_0.username=? 
        and u1_0.status<>'DELETED'
Hibernate: 
    select
        pr1_0.id,
        pr1_0.label_id,
        pr1_0.label_stock_id,
        pr1_0.printer_name,
        pr1_0.quantity,
        pr1_0.requested_at,
        pr1_0.requested_by_id,
        pr1_0.status 
    from
        print_requests pr1_0 
    where
        pr1_0.requested_by_id=? 
    order by
        pr1_0.requested_at desc
Hibernate: 
    select
        u1_0.id,
        u1_0.created_at,
        u1_0.email,
        u1_0.failed_login_attempts,
        u1_0.locked_until,
        u1_0.must_change_password,
        u1_0.password_changed_at,
        u1_0.password_hash,
        u1_0.role_id,
        u1_0.status,
        u1_0.username 
    from
        users u1_0 
    where
        u1_0.username=? 
        and u1_0.status<>'DELETED'
Hibernate: 
    select
        r1_0.id,
        r1_0.name 
    from
        roles r1_0 
    where
        r1_0.id=?
Hibernate: 
    select
        r1_0.id,
        r1_0.name 
    from
        roles r1_0 
    where
        r1_0.id=?
Hibernate: 
    select
        ls1_0.id,
        ls1_0.breadth,
        ls1_0.cost_center,
        ls1_0.description,
        ls1_0.height,
        ls1_0.length,
        ls1_0.max_stock_level,
        ls1_0.name,
        ls1_0.quantity_on_hand,
        ls1_0.reorder_level,
        ls1_0.status,
        ls1_0.stock_id,
        ls1_0.supplier,
        ls1_0.unit_of_measure 
    from
        label_stocks ls1_0
Hibernate: 
    select
        l1_0.id,
        l1_0.brand,
        l1_0.category,
        l1_0.created_at,
        l1_0.created_by,
        l1_0.image_url,
        l1_0.label_stock_id,
        l1_0.name,
        l1_0.notes,
        l1_0.status,
        l1_0.updated_at 
    from
        labels l1_0 
    where
        l1_0.status=?
Hibernate: 
    select
        ls1_0.id,
        ls1_0.breadth,
        ls1_0.cost_center,
        ls1_0.description,
        ls1_0.height,
        ls1_0.length,
        ls1_0.max_stock_level,
        ls1_0.name,
        ls1_0.quantity_on_hand,
        ls1_0.reorder_level,
        ls1_0.status,
        ls1_0.stock_id,
        ls1_0.supplier,
        ls1_0.unit_of_measure 
    from
        label_stocks ls1_0 
    where
        ls1_0.id=?
Hibernate: 
    select
        u1_0.id,
        u1_0.created_at,
        u1_0.email,
        u1_0.failed_login_attempts,
        u1_0.locked_until,
        u1_0.must_change_password,
        u1_0.password_changed_at,
        u1_0.password_hash,
        r1_0.id,
        r1_0.name,
        u1_0.status,
        u1_0.username 
    from
        users u1_0 
    left join
        roles r1_0 
            on r1_0.id=u1_0.role_id 
    where
        u1_0.id=?
Hibernate: 
    select
        lv1_0.id,
        lv1_0.created_at,
        lv1_0.created_by,
        lv1_0.design_json,
        lv1_0.label_id,
        lv1_0.version_no 
    from
        label_versions lv1_0 
    where
        lv1_0.label_id=? 
    order by
        lv1_0.version_no desc 
    fetch
        first ? rows only
Hibernate: 
    select
        lv1_0.id,
        lv1_0.created_at,
        lv1_0.created_by,
        lv1_0.design_json,
        lv1_0.label_id,
        lv1_0.version_no 
    from
        label_versions lv1_0 
    where
        lv1_0.label_id=? 
    order by
        lv1_0.version_no desc 
    fetch
        first ? rows only
Hibernate: 
    select
        lv1_0.id,
        lv1_0.created_at,
        lv1_0.created_by,
        lv1_0.design_json,
        lv1_0.label_id,
        lv1_0.version_no 
    from
        label_versions lv1_0 
    where
        lv1_0.label_id=? 
    order by
        lv1_0.version_no desc 
    fetch
        first ? rows only
Hibernate: 
    select
        lv1_0.id,
        lv1_0.created_at,
        lv1_0.created_by,
        lv1_0.design_json,
        lv1_0.label_id,
        lv1_0.version_no 
    from
        label_versions lv1_0 
    where
        lv1_0.label_id=? 
    order by
        lv1_0.version_no desc 
    fetch
        first ? rows only
Hibernate: 
    select
        u1_0.id,
        u1_0.created_at,
        u1_0.email,
        u1_0.failed_login_attempts,
        u1_0.locked_until,
        u1_0.must_change_password,
        u1_0.password_changed_at,
        u1_0.password_hash,
        u1_0.role_id,
        u1_0.status,
        u1_0.username 
    from
        users u1_0 
    where
        u1_0.username=? 
        and u1_0.status<>'DELETED'
Hibernate: 
    select
        r1_0.id,
        r1_0.name 
    from
        roles r1_0 
    where
        r1_0.id=?
Hibernate: 
    select
        u1_0.id,
        u1_0.created_at,
        u1_0.email,
        u1_0.failed_login_attempts,
        u1_0.locked_until,
        u1_0.must_change_password,
        u1_0.password_changed_at,
        u1_0.password_hash,
        u1_0.role_id,
        u1_0.status,
        u1_0.username 
    from
        users u1_0 
    where
        u1_0.username=? 
        and u1_0.status<>'DELETED'
Hibernate: 
    select
        r1_0.id,
        r1_0.name 
    from
        roles r1_0 
    where
        r1_0.id=?
Hibernate: 
    select
        l1_0.id,
        l1_0.brand,
        l1_0.category,
        l1_0.created_at,
        l1_0.created_by,
        l1_0.image_url,
        l1_0.label_stock_id,
        l1_0.name,
        l1_0.notes,
        l1_0.status,
        l1_0.updated_at 
    from
        labels l1_0 
    where
        l1_0.id=?
Hibernate: 
    select
        lv1_0.id,
        lv1_0.created_at,
        lv1_0.created_by,
        lv1_0.design_json,
        lv1_0.label_id,
        lv1_0.version_no 
    from
        label_versions lv1_0 
    where
        lv1_0.label_id=? 
    order by
        lv1_0.version_no desc 
    fetch
        first ? rows only
Hibernate: 
    insert 
    into
        label_versions
        (created_at, created_by, design_json, label_id, version_no, id) 
    values
        (?, ?, ?, ?, ?, ?)
